<?xml version="1.0" encoding="UTF-8"?>
<coverage generated="1627631986845" clover="3.2.0">
  <project timestamp="1627631986846" name="All files">
    <metrics statements="4" coveredstatements="0" conditionals="0" coveredconditionals="0" methods="2" coveredmethods="0" elements="6" coveredelements="0" complexity="0" loc="4" ncloc="4" packages="1" files="1" classes="1"/>
    <file name="completed.js" path="/mnt/c/Users/AWOTORUVIE-PC/Documents/GitHub/Module2/Todo-List/src/completed.js">
      <metrics statements="4" coveredstatements="0" conditionals="0" coveredconditionals="0" methods="2" coveredmethods="0"/>
      <line num="2" count="0" type="stmt"/>
      <line num="3" count="0" type="stmt"/>
      <line num="4" count="0" type="stmt"/>
      <line num="6" count="0" type="stmt"/>
    </file>
  </project>
</coverage>
