{"/mnt/c/Users/AWOTORUVIE-PC/Documents/GitHub/Module2/Todo-List/src/completed.js": {"path":"/mnt/c/Users/AWOTORUVIE-PC/Documents/GitHub/Module2/Todo-List/src/completed.js","statementMap":{"0":{"start":{"line":2,"column":33},"end":{"line":2,"column":37}},"1":{"start":{"line":3,"column":18},"end":{"line":3,"column":79}},"2":{"start":{"line":3,"column":40},"end":{"line":3,"column":78}},"3":{"start":{"line":4,"column":2},"end":{"line":4,"column":41}},"4":{"start":{"line":6,"column":2},"end":{"line":6,"column":32}}},"fnMap":{"0":{"name":"taskComplete","decl":{"start":{"line":1,"column":24},"end":{"line":1,"column":36}},"loc":{"start":{"line":1,"column":43},"end":{"line":7,"column":1}},"line":1},"1":{"name":"(anonymous_1)","decl":{"start":{"line":3,"column":27},"end":{"line":3,"column":28}},"loc":{"start":{"line":3,"column":40},"end":{"line":3,"column":78}},"line":3}},"branchMap":{},"s":{"0":0,"1":0,"2":0,"3":0,"4":0},"f":{"0":0,"1":0},"b":{},"_coverageSchema":"1a1c01bbd47fc00a2c39e90264f33305004495a9","hash":"2f9b362b79f05bda8de035f7a855bcdf53a29ee1"}
}
