{"C:\\Users\\caleb\\OneDrive\\Desktop\\microverse\\module 2\\Todo-List\\src\\completed.js": {"path":"C:\\Users\\caleb\\OneDrive\\Desktop\\microverse\\module 2\\Todo-List\\src\\completed.js","statementMap":{"0":{"start":{"line":2,"column":33},"end":{"line":2,"column":37}},"1":{"start":{"line":3,"column":2},"end":{"line":3,"column":20}},"2":{"start":{"line":4,"column":18},"end":{"line":4,"column":79}},"3":{"start":{"line":4,"column":40},"end":{"line":4,"column":78}},"4":{"start":{"line":5,"column":2},"end":{"line":5,"column":41}},"5":{"start":{"line":7,"column":2},"end":{"line":7,"column":32}}},"fnMap":{"0":{"name":"taskComplete","decl":{"start":{"line":1,"column":24},"end":{"line":1,"column":36}},"loc":{"start":{"line":1,"column":43},"end":{"line":8,"column":1}},"line":1},"1":{"name":"(anonymous_1)","decl":{"start":{"line":4,"column":27},"end":{"line":4,"column":28}},"loc":{"start":{"line":4,"column":40},"end":{"line":4,"column":78}},"line":4}},"branchMap":{},"s":{"0":1,"1":1,"2":1,"3":1,"4":1,"5":1},"f":{"0":1,"1":1},"b":{},"_coverageSchema":"1a1c01bbd47fc00a2c39e90264f33305004495a9","hash":"4fce4fa088ebeec9bf3028acc26ac05c75a563b3"}
}
